GROUP,PACKAGE,CLASS,INSTRUCTION_MISSED,INSTRUCTION_COVERED,BRANCH_MISSED,BRANCH_COVERED,LINE_MISSED,LINE_COVERED,COMPLEXITY_MISSED,COMPLEXITY_COVERED,METHOD_MISSED,METHOD_COVERED
Calendar,calendar,CalendarMain,357,0,4,0,76,0,4,0,2,0
Calendar,calendar,DateOutOfRangeException,3,4,0,0,2,2,1,1,1,1
Calendar,calendar,XmlParserErrorHandler,76,3,2,0,13,1,5,1,4,1
Calendar,calendar,Appt,70,295,25,19,14,84,18,40,0,36
Calendar,calendar,CalDay,139,217,17,11,26,50,12,18,0,16
Calendar,calendar,CalendarUtil,39,52,10,0,12,1,8,1,3,1
Calendar,calendar,DataHandler,159,821,21,57,36,222,21,35,0,16
